{"timestamp": "2025-12-28T21:23:25.760170", "level": "INFO", "logger": "uvicorn.error", "module": "config", "line": 321, "message": "Will watch for changes in these directories: ['F:\\\\Desktop\\\\Projects\\\\forge\\\\backend\\\\app']", "extra": {}}
{"timestamp": "2025-12-28T21:23:25.761059", "level": "INFO", "logger": "uvicorn.error", "module": "config", "line": 542, "message": "Uvicorn running on http://127.0.0.1:8000 (Press CTRL+C to quit)", "extra": {}}
{"timestamp": "2025-12-28T21:23:25.761596", "level": "INFO", "logger": "uvicorn.error", "module": "basereload", "line": 80, "message": "Started reloader process [23548] using WatchFiles", "extra": {}}
{"timestamp": "2025-12-28T21:23:26.827103", "level": "INFO", "logger": "uvicorn.error", "module": "server", "line": 84, "message": "Started server process [19980]", "extra": {}}
{"timestamp": "2025-12-28T21:23:26.829427", "level": "INFO", "logger": "uvicorn.error", "module": "on", "line": 48, "message": "Waiting for application startup.", "extra": {}}
{"timestamp": "2025-12-28T21:23:26.829712", "level": "INFO", "logger": "app", "module": "main", "line": 54, "message": "Application startup: creating DB tables (sync).", "extra": {}}
{"timestamp": "2025-12-28T21:23:26.829807", "level": "INFO", "logger": "app", "module": "main", "line": 54, "message": "Application startup: creating DB tables (sync).", "extra": {}}
{"timestamp": "2025-12-28T21:23:26.840653", "level": "INFO", "logger": "app", "module": "main", "line": 49, "message": "Database tables created (sync).", "extra": {}}
{"timestamp": "2025-12-28T21:23:26.840746", "level": "INFO", "logger": "app", "module": "main", "line": 49, "message": "Database tables created (sync).", "extra": {}}
{"timestamp": "2025-12-28T21:23:26.841286", "level": "INFO", "logger": "uvicorn.error", "module": "on", "line": 62, "message": "Application startup complete.", "extra": {}}
{"timestamp": "2025-12-28T21:28:42.197495", "level": "WARNING", "logger": "uvicorn.error", "module": "httptools_impl", "line": 174, "message": "Invalid HTTP request received.", "extra": {}}
{"timestamp": "2025-12-28T21:29:02.958583", "level": "WARNING", "logger": "uvicorn.error", "module": "httptools_impl", "line": 174, "message": "Invalid HTTP request received.", "extra": {}}
{"timestamp": "2025-12-28T21:29:59.779516", "level": "INFO", "logger": "uvicorn.error", "module": "websockets_impl", "line": 273, "message": "127.0.0.1:55402 - \"WebSocket /api/chat/ws\" [accepted]", "extra": {}}
{"timestamp": "2025-12-28T21:29:59.795118", "level": "ERROR", "logger": "uvicorn.error", "module": "websockets_impl", "line": 250, "message": "Exception in ASGI application\n", "extra": {}}
{"timestamp": "2025-12-28T21:29:59.797130", "level": "INFO", "logger": "uvicorn.error", "module": "server", "line": 643, "message": "connection open", "extra": {}}
{"timestamp": "2025-12-28T21:29:59.798013", "level": "INFO", "logger": "uvicorn.error", "module": "server", "line": 264, "message": "connection closed", "extra": {}}
{"timestamp": "2025-12-28T21:30:54.757133", "level": "INFO", "logger": "watchfiles.main", "module": "main", "line": 308, "message": "7 changes detected", "extra": {}}
{"timestamp": "2025-12-28T21:30:54.758939", "level": "WARNING", "logger": "uvicorn.error", "module": "basereload", "line": 55, "message": "WatchFiles detected changes in 'api\\v1\\chat_routes.py'. Reloading...", "extra": {}}
{"timestamp": "2025-12-28T21:30:54.780821", "level": "INFO", "logger": "uvicorn.error", "module": "server", "line": 264, "message": "Shutting down", "extra": {}}
{"timestamp": "2025-12-28T21:30:54.889627", "level": "INFO", "logger": "uvicorn.error", "module": "on", "line": 67, "message": "Waiting for application shutdown.", "extra": {}}
{"timestamp": "2025-12-28T21:30:54.889899", "level": "INFO", "logger": "app", "module": "main", "line": 57, "message": "Application shutdown.", "extra": {}}
{"timestamp": "2025-12-28T21:30:54.890017", "level": "INFO", "logger": "app", "module": "main", "line": 57, "message": "Application shutdown.", "extra": {}}
{"timestamp": "2025-12-28T21:30:54.890626", "level": "INFO", "logger": "uvicorn.error", "module": "on", "line": 76, "message": "Application shutdown complete.", "extra": {}}
{"timestamp": "2025-12-28T21:30:54.891267", "level": "INFO", "logger": "uvicorn.error", "module": "server", "line": 94, "message": "Finished server process [19980]", "extra": {}}
{"timestamp": "2025-12-28T21:30:55.350837", "level": "INFO", "logger": "watchfiles.main", "module": "main", "line": 308, "message": "1 change detected", "extra": {}}
{"timestamp": "2025-12-28T21:30:55.914635", "level": "INFO", "logger": "watchfiles.main", "module": "main", "line": 308, "message": "5 changes detected", "extra": {}}
{"timestamp": "2025-12-28T21:30:56.076450", "level": "INFO", "logger": "uvicorn.error", "module": "server", "line": 84, "message": "Started server process [21836]", "extra": {}}
{"timestamp": "2025-12-28T21:30:56.077165", "level": "INFO", "logger": "uvicorn.error", "module": "on", "line": 48, "message": "Waiting for application startup.", "extra": {}}
{"timestamp": "2025-12-28T21:30:56.077537", "level": "INFO", "logger": "app", "module": "main", "line": 54, "message": "Application startup: creating DB tables (sync).", "extra": {}}
{"timestamp": "2025-12-28T21:30:56.077655", "level": "INFO", "logger": "app", "module": "main", "line": 54, "message": "Application startup: creating DB tables (sync).", "extra": {}}
{"timestamp": "2025-12-28T21:30:56.078494", "level": "INFO", "logger": "app", "module": "main", "line": 49, "message": "Database tables created (sync).", "extra": {}}
{"timestamp": "2025-12-28T21:30:56.078597", "level": "INFO", "logger": "app", "module": "main", "line": 49, "message": "Database tables created (sync).", "extra": {}}
{"timestamp": "2025-12-28T21:30:56.079160", "level": "INFO", "logger": "uvicorn.error", "module": "on", "line": 62, "message": "Application startup complete.", "extra": {}}
{"timestamp": "2025-12-28T21:30:58.420243", "level": "INFO", "logger": "uvicorn.error", "module": "websockets_impl", "line": 273, "message": "127.0.0.1:49315 - \"WebSocket /api/chat/ws\" [accepted]", "extra": {}}
{"timestamp": "2025-12-28T21:30:58.421643", "level": "INFO", "logger": "uvicorn.error", "module": "server", "line": 643, "message": "connection open", "extra": {}}
{"timestamp": "2025-12-28T21:31:45.724647", "level": "INFO", "logger": "watchfiles.main", "module": "main", "line": 308, "message": "7 changes detected", "extra": {}}
{"timestamp": "2025-12-28T21:31:45.725870", "level": "WARNING", "logger": "uvicorn.error", "module": "basereload", "line": 55, "message": "WatchFiles detected changes in 'api\\v1\\chat_routes.py'. Reloading...", "extra": {}}
{"timestamp": "2025-12-28T21:31:45.758020", "level": "INFO", "logger": "uvicorn.error", "module": "server", "line": 264, "message": "Shutting down", "extra": {}}
{"timestamp": "2025-12-28T21:31:45.759039", "level": "INFO", "logger": "uvicorn.error", "module": "server", "line": 264, "message": "connection closed", "extra": {}}
{"timestamp": "2025-12-28T21:31:45.869350", "level": "INFO", "logger": "uvicorn.error", "module": "on", "line": 67, "message": "Waiting for application shutdown.", "extra": {}}
{"timestamp": "2025-12-28T21:31:45.869561", "level": "INFO", "logger": "app", "module": "main", "line": 57, "message": "Application shutdown.", "extra": {}}
{"timestamp": "2025-12-28T21:31:45.869643", "level": "INFO", "logger": "app", "module": "main", "line": 57, "message": "Application shutdown.", "extra": {}}
{"timestamp": "2025-12-28T21:31:45.870224", "level": "INFO", "logger": "uvicorn.error", "module": "on", "line": 76, "message": "Application shutdown complete.", "extra": {}}
{"timestamp": "2025-12-28T21:31:45.870806", "level": "INFO", "logger": "uvicorn.error", "module": "server", "line": 94, "message": "Finished server process [21836]", "extra": {}}
{"timestamp": "2025-12-28T21:31:46.335736", "level": "INFO", "logger": "watchfiles.main", "module": "main", "line": 308, "message": "1 change detected", "extra": {}}
{"timestamp": "2025-12-28T21:31:46.900653", "level": "INFO", "logger": "watchfiles.main", "module": "main", "line": 308, "message": "5 changes detected", "extra": {}}
{"timestamp": "2025-12-28T21:31:47.041151", "level": "INFO", "logger": "uvicorn.error", "module": "server", "line": 84, "message": "Started server process [17316]", "extra": {}}
{"timestamp": "2025-12-28T21:31:47.041819", "level": "INFO", "logger": "uvicorn.error", "module": "on", "line": 48, "message": "Waiting for application startup.", "extra": {}}
{"timestamp": "2025-12-28T21:31:47.042108", "level": "INFO", "logger": "app", "module": "main", "line": 54, "message": "Application startup: creating DB tables (sync).", "extra": {}}
{"timestamp": "2025-12-28T21:31:47.042207", "level": "INFO", "logger": "app", "module": "main", "line": 54, "message": "Application startup: creating DB tables (sync).", "extra": {}}
{"timestamp": "2025-12-28T21:31:47.043021", "level": "INFO", "logger": "app", "module": "main", "line": 49, "message": "Database tables created (sync).", "extra": {}}
{"timestamp": "2025-12-28T21:31:47.043110", "level": "INFO", "logger": "app", "module": "main", "line": 49, "message": "Database tables created (sync).", "extra": {}}
{"timestamp": "2025-12-28T21:31:47.043630", "level": "INFO", "logger": "uvicorn.error", "module": "on", "line": 62, "message": "Application startup complete.", "extra": {}}
{"timestamp": "2025-12-28T21:31:50.101878", "level": "INFO", "logger": "uvicorn.error", "module": "websockets_impl", "line": 273, "message": "127.0.0.1:64169 - \"WebSocket /api/chat/ws\" [accepted]", "extra": {}}
{"timestamp": "2025-12-28T21:31:50.102890", "level": "INFO", "logger": "uvicorn.error", "module": "server", "line": 643, "message": "connection open", "extra": {}}
{"timestamp": "2025-12-28T21:33:08.119037", "level": "INFO", "logger": "watchfiles.main", "module": "main", "line": 308, "message": "7 changes detected", "extra": {}}
{"timestamp": "2025-12-28T21:33:08.120052", "level": "WARNING", "logger": "uvicorn.error", "module": "basereload", "line": 55, "message": "WatchFiles detected changes in 'api\\v1\\chat_routes.py'. Reloading...", "extra": {}}
{"timestamp": "2025-12-28T21:33:08.137173", "level": "INFO", "logger": "uvicorn.error", "module": "server", "line": 264, "message": "Shutting down", "extra": {}}
{"timestamp": "2025-12-28T21:33:08.145027", "level": "ERROR", "logger": "uvicorn.error", "module": "websockets_impl", "line": 250, "message": "Exception in ASGI application\n", "extra": {}}
{"timestamp": "2025-12-28T21:33:08.145639", "level": "INFO", "logger": "uvicorn.error", "module": "server", "line": 264, "message": "connection closed", "extra": {}}
{"timestamp": "2025-12-28T21:33:08.248803", "level": "INFO", "logger": "uvicorn.error", "module": "on", "line": 67, "message": "Waiting for application shutdown.", "extra": {}}
{"timestamp": "2025-12-28T21:33:08.249043", "level": "INFO", "logger": "app", "module": "main", "line": 57, "message": "Application shutdown.", "extra": {}}
{"timestamp": "2025-12-28T21:33:08.249139", "level": "INFO", "logger": "app", "module": "main", "line": 57, "message": "Application shutdown.", "extra": {}}
{"timestamp": "2025-12-28T21:33:08.249705", "level": "INFO", "logger": "uvicorn.error", "module": "on", "line": 76, "message": "Application shutdown complete.", "extra": {}}
{"timestamp": "2025-12-28T21:33:08.250255", "level": "INFO", "logger": "uvicorn.error", "module": "server", "line": 94, "message": "Finished server process [17316]", "extra": {}}
{"timestamp": "2025-12-28T21:33:08.696503", "level": "INFO", "logger": "watchfiles.main", "module": "main", "line": 308, "message": "1 change detected", "extra": {}}
{"timestamp": "2025-12-28T21:33:09.263540", "level": "INFO", "logger": "watchfiles.main", "module": "main", "line": 308, "message": "5 changes detected", "extra": {}}
{"timestamp": "2025-12-28T21:33:09.427418", "level": "INFO", "logger": "uvicorn.error", "module": "server", "line": 84, "message": "Started server process [8096]", "extra": {}}
{"timestamp": "2025-12-28T21:33:09.428121", "level": "INFO", "logger": "uvicorn.error", "module": "on", "line": 48, "message": "Waiting for application startup.", "extra": {}}
{"timestamp": "2025-12-28T21:33:09.428461", "level": "INFO", "logger": "app", "module": "main", "line": 54, "message": "Application startup: creating DB tables (sync).", "extra": {}}
{"timestamp": "2025-12-28T21:33:09.428570", "level": "INFO", "logger": "app", "module": "main", "line": 54, "message": "Application startup: creating DB tables (sync).", "extra": {}}
{"timestamp": "2025-12-28T21:33:09.429409", "level": "INFO", "logger": "app", "module": "main", "line": 49, "message": "Database tables created (sync).", "extra": {}}
{"timestamp": "2025-12-28T21:33:09.429506", "level": "INFO", "logger": "app", "module": "main", "line": 49, "message": "Database tables created (sync).", "extra": {}}
{"timestamp": "2025-12-28T21:33:09.430062", "level": "INFO", "logger": "uvicorn.error", "module": "on", "line": 62, "message": "Application startup complete.", "extra": {}}
{"timestamp": "2025-12-28T21:33:35.869647", "level": "INFO", "logger": "uvicorn.error", "module": "websockets_impl", "line": 273, "message": "127.0.0.1:52594 - \"WebSocket /api/chat/ws\" [accepted]", "extra": {}}
{"timestamp": "2025-12-28T21:33:35.870710", "level": "INFO", "logger": "uvicorn.error", "module": "server", "line": 643, "message": "connection open", "extra": {}}
{"timestamp": "2025-12-28T21:33:55.403736", "level": "INFO", "logger": "watchfiles.main", "module": "main", "line": 308, "message": "7 changes detected", "extra": {}}
{"timestamp": "2025-12-28T21:33:55.404756", "level": "WARNING", "logger": "uvicorn.error", "module": "basereload", "line": 55, "message": "WatchFiles detected changes in 'api\\v1\\chat_routes.py'. Reloading...", "extra": {}}
{"timestamp": "2025-12-28T21:33:55.461225", "level": "INFO", "logger": "uvicorn.error", "module": "server", "line": 264, "message": "Shutting down", "extra": {}}
{"timestamp": "2025-12-28T21:33:55.468998", "level": "ERROR", "logger": "uvicorn.error", "module": "websockets_impl", "line": 250, "message": "Exception in ASGI application\n", "extra": {}}
{"timestamp": "2025-12-28T21:33:55.469677", "level": "INFO", "logger": "uvicorn.error", "module": "server", "line": 264, "message": "connection closed", "extra": {}}
{"timestamp": "2025-12-28T21:33:55.571981", "level": "INFO", "logger": "uvicorn.error", "module": "on", "line": 67, "message": "Waiting for application shutdown.", "extra": {}}
{"timestamp": "2025-12-28T21:33:55.572209", "level": "INFO", "logger": "app", "module": "main", "line": 57, "message": "Application shutdown.", "extra": {}}
{"timestamp": "2025-12-28T21:33:55.572307", "level": "INFO", "logger": "app", "module": "main", "line": 57, "message": "Application shutdown.", "extra": {}}
{"timestamp": "2025-12-28T21:33:55.572849", "level": "INFO", "logger": "uvicorn.error", "module": "on", "line": 76, "message": "Application shutdown complete.", "extra": {}}
{"timestamp": "2025-12-28T21:33:55.573432", "level": "INFO", "logger": "uvicorn.error", "module": "server", "line": 94, "message": "Finished server process [8096]", "extra": {}}
{"timestamp": "2025-12-28T21:33:56.031309", "level": "INFO", "logger": "watchfiles.main", "module": "main", "line": 308, "message": "1 change detected", "extra": {}}
{"timestamp": "2025-12-28T21:33:56.596550", "level": "INFO", "logger": "watchfiles.main", "module": "main", "line": 308, "message": "5 changes detected", "extra": {}}
{"timestamp": "2025-12-28T21:33:56.733720", "level": "INFO", "logger": "uvicorn.error", "module": "server", "line": 84, "message": "Started server process [1748]", "extra": {}}
{"timestamp": "2025-12-28T21:33:56.734378", "level": "INFO", "logger": "uvicorn.error", "module": "on", "line": 48, "message": "Waiting for application startup.", "extra": {}}
{"timestamp": "2025-12-28T21:33:56.734744", "level": "INFO", "logger": "app", "module": "main", "line": 54, "message": "Application startup: creating DB tables (sync).", "extra": {}}
{"timestamp": "2025-12-28T21:33:56.734858", "level": "INFO", "logger": "app", "module": "main", "line": 54, "message": "Application startup: creating DB tables (sync).", "extra": {}}
{"timestamp": "2025-12-28T21:33:56.735835", "level": "INFO", "logger": "app", "module": "main", "line": 49, "message": "Database tables created (sync).", "extra": {}}
{"timestamp": "2025-12-28T21:33:56.735925", "level": "INFO", "logger": "app", "module": "main", "line": 49, "message": "Database tables created (sync).", "extra": {}}
{"timestamp": "2025-12-28T21:33:56.736467", "level": "INFO", "logger": "uvicorn.error", "module": "on", "line": 62, "message": "Application startup complete.", "extra": {}}
{"timestamp": "2025-12-28T21:34:00.632014", "level": "INFO", "logger": "uvicorn.error", "module": "websockets_impl", "line": 273, "message": "127.0.0.1:58262 - \"WebSocket /api/chat/ws\" [accepted]", "extra": {}}
{"timestamp": "2025-12-28T21:34:00.633043", "level": "INFO", "logger": "uvicorn.error", "module": "server", "line": 643, "message": "connection open", "extra": {}}
{"timestamp": "2025-12-28T21:34:01.563572", "level": "ERROR", "logger": "uvicorn.error", "module": "websockets_impl", "line": 250, "message": "Exception in ASGI application\n", "extra": {}}
{"timestamp": "2025-12-28T21:34:01.564709", "level": "INFO", "logger": "uvicorn.error", "module": "server", "line": 264, "message": "connection closed", "extra": {}}
{"timestamp": "2025-12-28T21:39:28.137572", "level": "INFO", "logger": "watchfiles.main", "module": "main", "line": 308, "message": "7 changes detected", "extra": {}}
{"timestamp": "2025-12-28T21:39:28.138629", "level": "WARNING", "logger": "uvicorn.error", "module": "basereload", "line": 55, "message": "WatchFiles detected changes in 'api\\v1\\chat_routes.py'. Reloading...", "extra": {}}
{"timestamp": "2025-12-28T21:39:28.151926", "level": "INFO", "logger": "uvicorn.error", "module": "server", "line": 264, "message": "Shutting down", "extra": {}}
{"timestamp": "2025-12-28T21:39:28.263397", "level": "INFO", "logger": "uvicorn.error", "module": "on", "line": 67, "message": "Waiting for application shutdown.", "extra": {}}
{"timestamp": "2025-12-28T21:39:28.263603", "level": "INFO", "logger": "app", "module": "main", "line": 57, "message": "Application shutdown.", "extra": {}}
{"timestamp": "2025-12-28T21:39:28.263683", "level": "INFO", "logger": "app", "module": "main", "line": 57, "message": "Application shutdown.", "extra": {}}
{"timestamp": "2025-12-28T21:39:28.264256", "level": "INFO", "logger": "uvicorn.error", "module": "on", "line": 76, "message": "Application shutdown complete.", "extra": {}}
{"timestamp": "2025-12-28T21:39:28.264748", "level": "INFO", "logger": "uvicorn.error", "module": "server", "line": 94, "message": "Finished server process [1748]", "extra": {}}
{"timestamp": "2025-12-28T21:39:28.721237", "level": "INFO", "logger": "watchfiles.main", "module": "main", "line": 308, "message": "1 change detected", "extra": {}}
{"timestamp": "2025-12-28T21:39:29.273739", "level": "INFO", "logger": "watchfiles.main", "module": "main", "line": 308, "message": "5 changes detected", "extra": {}}
{"timestamp": "2025-12-28T21:39:29.452491", "level": "INFO", "logger": "uvicorn.error", "module": "server", "line": 84, "message": "Started server process [20552]", "extra": {}}
{"timestamp": "2025-12-28T21:39:29.453227", "level": "INFO", "logger": "uvicorn.error", "module": "on", "line": 48, "message": "Waiting for application startup.", "extra": {}}
{"timestamp": "2025-12-28T21:39:29.453517", "level": "INFO", "logger": "app", "module": "main", "line": 54, "message": "Application startup: creating DB tables (sync).", "extra": {}}
{"timestamp": "2025-12-28T21:39:29.453620", "level": "INFO", "logger": "app", "module": "main", "line": 54, "message": "Application startup: creating DB tables (sync).", "extra": {}}
{"timestamp": "2025-12-28T21:39:29.454474", "level": "INFO", "logger": "app", "module": "main", "line": 49, "message": "Database tables created (sync).", "extra": {}}
{"timestamp": "2025-12-28T21:39:29.454571", "level": "INFO", "logger": "app", "module": "main", "line": 49, "message": "Database tables created (sync).", "extra": {}}
{"timestamp": "2025-12-28T21:39:29.455093", "level": "INFO", "logger": "uvicorn.error", "module": "on", "line": 62, "message": "Application startup complete.", "extra": {}}
{"timestamp": "2025-12-28T21:41:06.793534", "level": "INFO", "logger": "uvicorn.error", "module": "websockets_impl", "line": 273, "message": "127.0.0.1:64931 - \"WebSocket /api/chat/ws\" [accepted]", "extra": {}}
{"timestamp": "2025-12-28T21:41:06.795024", "level": "INFO", "logger": "uvicorn.error", "module": "server", "line": 643, "message": "connection open", "extra": {}}
{"timestamp": "2025-12-29T01:40:42.762790", "level": "INFO", "logger": "watchfiles.main", "module": "main", "line": 308, "message": "7 changes detected", "extra": {}}
{"timestamp": "2025-12-29T01:40:42.763944", "level": "WARNING", "logger": "uvicorn.error", "module": "basereload", "line": 55, "message": "WatchFiles detected changes in 'api\\v1\\chat_routes.py'. Reloading...", "extra": {}}
{"timestamp": "2025-12-29T01:40:42.783159", "level": "INFO", "logger": "uvicorn.error", "module": "server", "line": 264, "message": "Shutting down", "extra": {}}
{"timestamp": "2025-12-29T01:40:42.800413", "level": "ERROR", "logger": "uvicorn.error", "module": "websockets_impl", "line": 250, "message": "Exception in ASGI application\n", "extra": {}}
{"timestamp": "2025-12-29T01:40:42.801162", "level": "INFO", "logger": "uvicorn.error", "module": "server", "line": 264, "message": "connection closed", "extra": {}}
{"timestamp": "2025-12-29T01:40:42.893904", "level": "INFO", "logger": "uvicorn.error", "module": "on", "line": 67, "message": "Waiting for application shutdown.", "extra": {}}
{"timestamp": "2025-12-29T01:40:42.894149", "level": "INFO", "logger": "app", "module": "main", "line": 57, "message": "Application shutdown.", "extra": {}}
{"timestamp": "2025-12-29T01:40:42.894253", "level": "INFO", "logger": "app", "module": "main", "line": 57, "message": "Application shutdown.", "extra": {}}
{"timestamp": "2025-12-29T01:40:42.894823", "level": "INFO", "logger": "uvicorn.error", "module": "on", "line": 76, "message": "Application shutdown complete.", "extra": {}}
{"timestamp": "2025-12-29T01:40:42.895464", "level": "INFO", "logger": "uvicorn.error", "module": "server", "line": 94, "message": "Finished server process [20552]", "extra": {}}
{"timestamp": "2025-12-29T01:40:43.356932", "level": "INFO", "logger": "watchfiles.main", "module": "main", "line": 308, "message": "1 change detected", "extra": {}}
{"timestamp": "2025-12-29T01:40:44.072009", "level": "INFO", "logger": "watchfiles.main", "module": "main", "line": 308, "message": "5 changes detected", "extra": {}}
{"timestamp": "2025-12-29T01:40:44.255223", "level": "INFO", "logger": "uvicorn.error", "module": "server", "line": 84, "message": "Started server process [21224]", "extra": {}}
{"timestamp": "2025-12-29T01:40:44.255908", "level": "INFO", "logger": "uvicorn.error", "module": "on", "line": 48, "message": "Waiting for application startup.", "extra": {}}
{"timestamp": "2025-12-29T01:40:44.256233", "level": "INFO", "logger": "app", "module": "main", "line": 54, "message": "Application startup: creating DB tables (sync).", "extra": {}}
{"timestamp": "2025-12-29T01:40:44.256325", "level": "INFO", "logger": "app", "module": "main", "line": 54, "message": "Application startup: creating DB tables (sync).", "extra": {}}
{"timestamp": "2025-12-29T01:40:44.257145", "level": "INFO", "logger": "app", "module": "main", "line": 49, "message": "Database tables created (sync).", "extra": {}}
{"timestamp": "2025-12-29T01:40:44.257230", "level": "INFO", "logger": "app", "module": "main", "line": 49, "message": "Database tables created (sync).", "extra": {}}
{"timestamp": "2025-12-29T01:40:44.257779", "level": "INFO", "logger": "uvicorn.error", "module": "on", "line": 62, "message": "Application startup complete.", "extra": {}}
{"timestamp": "2025-12-29T01:40:46.612854", "level": "INFO", "logger": "uvicorn.error", "module": "websockets_impl", "line": 273, "message": "127.0.0.1:56412 - \"WebSocket /api/chat/ws\" [accepted]", "extra": {}}
{"timestamp": "2025-12-29T01:40:46.613855", "level": "INFO", "logger": "uvicorn.error", "module": "server", "line": 643, "message": "connection open", "extra": {}}
{"timestamp": "2025-12-29T01:41:18.916360", "level": "INFO", "logger": "watchfiles.main", "module": "main", "line": 308, "message": "7 changes detected", "extra": {}}
{"timestamp": "2025-12-29T01:41:18.917444", "level": "WARNING", "logger": "uvicorn.error", "module": "basereload", "line": 55, "message": "WatchFiles detected changes in 'api\\v1\\chat_routes.py'. Reloading...", "extra": {}}
{"timestamp": "2025-12-29T01:41:18.943315", "level": "INFO", "logger": "uvicorn.error", "module": "server", "line": 264, "message": "Shutting down", "extra": {}}
{"timestamp": "2025-12-29T01:41:18.950891", "level": "ERROR", "logger": "uvicorn.error", "module": "websockets_impl", "line": 250, "message": "Exception in ASGI application\n", "extra": {}}
{"timestamp": "2025-12-29T01:41:18.951634", "level": "INFO", "logger": "uvicorn.error", "module": "server", "line": 264, "message": "connection closed", "extra": {}}
{"timestamp": "2025-12-29T01:41:19.055770", "level": "INFO", "logger": "uvicorn.error", "module": "on", "line": 67, "message": "Waiting for application shutdown.", "extra": {}}
{"timestamp": "2025-12-29T01:41:19.055979", "level": "INFO", "logger": "app", "module": "main", "line": 57, "message": "Application shutdown.", "extra": {}}
{"timestamp": "2025-12-29T01:41:19.056059", "level": "INFO", "logger": "app", "module": "main", "line": 57, "message": "Application shutdown.", "extra": {}}
{"timestamp": "2025-12-29T01:41:19.056624", "level": "INFO", "logger": "uvicorn.error", "module": "on", "line": 76, "message": "Application shutdown complete.", "extra": {}}
{"timestamp": "2025-12-29T01:41:19.057280", "level": "INFO", "logger": "uvicorn.error", "module": "server", "line": 94, "message": "Finished server process [21224]", "extra": {}}
{"timestamp": "2025-12-29T01:41:19.519505", "level": "INFO", "logger": "watchfiles.main", "module": "main", "line": 308, "message": "1 change detected", "extra": {}}
{"timestamp": "2025-12-29T01:41:20.085933", "level": "INFO", "logger": "watchfiles.main", "module": "main", "line": 308, "message": "5 changes detected", "extra": {}}
{"timestamp": "2025-12-29T01:41:20.262352", "level": "INFO", "logger": "uvicorn.error", "module": "server", "line": 84, "message": "Started server process [16016]", "extra": {}}
{"timestamp": "2025-12-29T01:41:20.262961", "level": "INFO", "logger": "uvicorn.error", "module": "on", "line": 48, "message": "Waiting for application startup.", "extra": {}}
{"timestamp": "2025-12-29T01:41:20.263299", "level": "INFO", "logger": "app", "module": "main", "line": 54, "message": "Application startup: creating DB tables (sync).", "extra": {}}
{"timestamp": "2025-12-29T01:41:20.263460", "level": "INFO", "logger": "app", "module": "main", "line": 54, "message": "Application startup: creating DB tables (sync).", "extra": {}}
{"timestamp": "2025-12-29T01:41:20.264298", "level": "INFO", "logger": "app", "module": "main", "line": 49, "message": "Database tables created (sync).", "extra": {}}
{"timestamp": "2025-12-29T01:41:20.264388", "level": "INFO", "logger": "app", "module": "main", "line": 49, "message": "Database tables created (sync).", "extra": {}}
{"timestamp": "2025-12-29T01:41:20.264988", "level": "INFO", "logger": "uvicorn.error", "module": "on", "line": 62, "message": "Application startup complete.", "extra": {}}
{"timestamp": "2025-12-29T01:41:20.807593", "level": "INFO", "logger": "uvicorn.error", "module": "websockets_impl", "line": 273, "message": "127.0.0.1:62261 - \"WebSocket /api/chat/ws\" [accepted]", "extra": {}}
{"timestamp": "2025-12-29T01:41:20.808993", "level": "INFO", "logger": "uvicorn.error", "module": "server", "line": 643, "message": "connection open", "extra": {}}
{"timestamp": "2025-12-29T01:41:22.605938", "level": "ERROR", "logger": "uvicorn.error", "module": "websockets_impl", "line": 250, "message": "Exception in ASGI application\n", "extra": {}}
{"timestamp": "2025-12-29T01:41:22.607042", "level": "INFO", "logger": "uvicorn.error", "module": "server", "line": 264, "message": "connection closed", "extra": {}}
{"timestamp": "2025-12-29T01:42:54.383930", "level": "INFO", "logger": "watchfiles.main", "module": "main", "line": 308, "message": "7 changes detected", "extra": {}}
{"timestamp": "2025-12-29T01:42:54.385179", "level": "WARNING", "logger": "uvicorn.error", "module": "basereload", "line": 55, "message": "WatchFiles detected changes in 'api\\v1\\chat_routes.py'. Reloading...", "extra": {}}
{"timestamp": "2025-12-29T01:42:54.449103", "level": "INFO", "logger": "uvicorn.error", "module": "server", "line": 264, "message": "Shutting down", "extra": {}}
{"timestamp": "2025-12-29T01:42:54.557127", "level": "INFO", "logger": "uvicorn.error", "module": "on", "line": 67, "message": "Waiting for application shutdown.", "extra": {}}
{"timestamp": "2025-12-29T01:42:54.557306", "level": "INFO", "logger": "app", "module": "main", "line": 57, "message": "Application shutdown.", "extra": {}}
{"timestamp": "2025-12-29T01:42:54.557435", "level": "INFO", "logger": "app", "module": "main", "line": 57, "message": "Application shutdown.", "extra": {}}
{"timestamp": "2025-12-29T01:42:54.558023", "level": "INFO", "logger": "uvicorn.error", "module": "on", "line": 76, "message": "Application shutdown complete.", "extra": {}}
{"timestamp": "2025-12-29T01:42:54.558565", "level": "INFO", "logger": "uvicorn.error", "module": "server", "line": 94, "message": "Finished server process [16016]", "extra": {}}
{"timestamp": "2025-12-29T01:42:55.017670", "level": "INFO", "logger": "watchfiles.main", "module": "main", "line": 308, "message": "1 change detected", "extra": {}}
{"timestamp": "2025-12-29T01:42:55.583259", "level": "INFO", "logger": "watchfiles.main", "module": "main", "line": 308, "message": "5 changes detected", "extra": {}}
{"timestamp": "2025-12-29T01:42:55.743561", "level": "INFO", "logger": "uvicorn.error", "module": "server", "line": 84, "message": "Started server process [16952]", "extra": {}}
{"timestamp": "2025-12-29T01:42:55.744215", "level": "INFO", "logger": "uvicorn.error", "module": "on", "line": 48, "message": "Waiting for application startup.", "extra": {}}
{"timestamp": "2025-12-29T01:42:55.744529", "level": "INFO", "logger": "app", "module": "main", "line": 54, "message": "Application startup: creating DB tables (sync).", "extra": {}}
{"timestamp": "2025-12-29T01:42:55.744620", "level": "INFO", "logger": "app", "module": "main", "line": 54, "message": "Application startup: creating DB tables (sync).", "extra": {}}
{"timestamp": "2025-12-29T01:42:55.745434", "level": "INFO", "logger": "app", "module": "main", "line": 49, "message": "Database tables created (sync).", "extra": {}}
{"timestamp": "2025-12-29T01:42:55.745542", "level": "INFO", "logger": "app", "module": "main", "line": 49, "message": "Database tables created (sync).", "extra": {}}
{"timestamp": "2025-12-29T01:42:55.746066", "level": "INFO", "logger": "uvicorn.error", "module": "on", "line": 62, "message": "Application startup complete.", "extra": {}}
{"timestamp": "2025-12-29T01:42:56.151372", "level": "INFO", "logger": "uvicorn.error", "module": "websockets_impl", "line": 273, "message": "127.0.0.1:56198 - \"WebSocket /api/chat/ws\" [accepted]", "extra": {}}
{"timestamp": "2025-12-29T01:42:56.152387", "level": "INFO", "logger": "uvicorn.error", "module": "server", "line": 643, "message": "connection open", "extra": {}}
{"timestamp": "2025-12-29T01:48:21.970334", "level": "ERROR", "logger": "uvicorn.error", "module": "websockets_impl", "line": 250, "message": "Exception in ASGI application\n", "extra": {}}
{"timestamp": "2025-12-29T01:48:21.971310", "level": "INFO", "logger": "uvicorn.error", "module": "server", "line": 264, "message": "connection closed", "extra": {}}
{"timestamp": "2025-12-29T01:48:24.399846", "level": "INFO", "logger": "uvicorn.error", "module": "websockets_impl", "line": 273, "message": "127.0.0.1:60501 - \"WebSocket /api/chat/ws\" [accepted]", "extra": {}}
{"timestamp": "2025-12-29T01:48:24.400751", "level": "INFO", "logger": "uvicorn.error", "module": "server", "line": 643, "message": "connection open", "extra": {}}
{"timestamp": "2025-12-29T01:48:25.395413", "level": "ERROR", "logger": "uvicorn.error", "module": "websockets_impl", "line": 250, "message": "Exception in ASGI application\n", "extra": {}}
{"timestamp": "2025-12-29T01:48:25.396362", "level": "INFO", "logger": "uvicorn.error", "module": "server", "line": 264, "message": "connection closed", "extra": {}}
{"timestamp": "2025-12-29T01:48:31.200572", "level": "INFO", "logger": "uvicorn.error", "module": "websockets_impl", "line": 273, "message": "127.0.0.1:60887 - \"WebSocket /api/chat/ws\" [accepted]", "extra": {}}
{"timestamp": "2025-12-29T01:48:31.201309", "level": "INFO", "logger": "uvicorn.error", "module": "server", "line": 643, "message": "connection open", "extra": {}}
{"timestamp": "2025-12-29T01:48:33.562927", "level": "ERROR", "logger": "uvicorn.error", "module": "websockets_impl", "line": 250, "message": "Exception in ASGI application\n", "extra": {}}
{"timestamp": "2025-12-29T01:48:33.564139", "level": "INFO", "logger": "uvicorn.error", "module": "server", "line": 264, "message": "connection closed", "extra": {}}
{"timestamp": "2025-12-29T01:56:59.808101", "level": "INFO", "logger": "watchfiles.main", "module": "main", "line": 308, "message": "7 changes detected", "extra": {}}
{"timestamp": "2025-12-29T01:56:59.809156", "level": "WARNING", "logger": "uvicorn.error", "module": "basereload", "line": 55, "message": "WatchFiles detected changes in 'api\\v1\\chat_routes.py'. Reloading...", "extra": {}}
{"timestamp": "2025-12-29T01:56:59.840218", "level": "INFO", "logger": "uvicorn.error", "module": "server", "line": 264, "message": "Shutting down", "extra": {}}
{"timestamp": "2025-12-29T01:56:59.952153", "level": "INFO", "logger": "uvicorn.error", "module": "on", "line": 67, "message": "Waiting for application shutdown.", "extra": {}}
{"timestamp": "2025-12-29T01:56:59.952436", "level": "INFO", "logger": "app", "module": "main", "line": 57, "message": "Application shutdown.", "extra": {}}
{"timestamp": "2025-12-29T01:56:59.952584", "level": "INFO", "logger": "app", "module": "main", "line": 57, "message": "Application shutdown.", "extra": {}}
{"timestamp": "2025-12-29T01:56:59.953202", "level": "INFO", "logger": "uvicorn.error", "module": "on", "line": 76, "message": "Application shutdown complete.", "extra": {}}
{"timestamp": "2025-12-29T01:56:59.953720", "level": "INFO", "logger": "uvicorn.error", "module": "server", "line": 94, "message": "Finished server process [16952]", "extra": {}}
{"timestamp": "2025-12-29T01:57:00.411689", "level": "INFO", "logger": "watchfiles.main", "module": "main", "line": 308, "message": "1 change detected", "extra": {}}
{"timestamp": "2025-12-29T02:12:42.527000", "level": "INFO", "logger": "uvicorn.error", "module": "basereload", "line": 116, "message": "Stopping reloader process [23548]", "extra": {}}
{"timestamp": "2025-12-29T17:48:43.257475", "level": "INFO", "logger": "uvicorn.error", "module": "config", "line": 321, "message": "Will watch for changes in these directories: ['F:\\\\Desktop\\\\Projects\\\\forge\\\\backend\\\\app']", "extra": {}}
{"timestamp": "2025-12-29T17:48:43.258165", "level": "INFO", "logger": "uvicorn.error", "module": "config", "line": 542, "message": "Uvicorn running on http://127.0.0.1:8000 (Press CTRL+C to quit)", "extra": {}}
{"timestamp": "2025-12-29T17:48:43.258842", "level": "INFO", "logger": "uvicorn.error", "module": "basereload", "line": 80, "message": "Started reloader process [5916] using WatchFiles", "extra": {}}
{"timestamp": "2025-12-29T17:48:44.321730", "level": "INFO", "logger": "uvicorn.error", "module": "server", "line": 84, "message": "Started server process [7956]", "extra": {}}
{"timestamp": "2025-12-29T17:48:44.322485", "level": "INFO", "logger": "uvicorn.error", "module": "on", "line": 48, "message": "Waiting for application startup.", "extra": {}}
{"timestamp": "2025-12-29T17:48:44.322728", "level": "INFO", "logger": "app", "module": "main", "line": 54, "message": "Application startup: creating DB tables (sync).", "extra": {}}
{"timestamp": "2025-12-29T17:48:44.322979", "level": "INFO", "logger": "app", "module": "main", "line": 54, "message": "Application startup: creating DB tables (sync).", "extra": {}}
{"timestamp": "2025-12-29T17:48:44.323903", "level": "INFO", "logger": "app", "module": "main", "line": 49, "message": "Database tables created (sync).", "extra": {}}
{"timestamp": "2025-12-29T17:48:44.323995", "level": "INFO", "logger": "app", "module": "main", "line": 49, "message": "Database tables created (sync).", "extra": {}}
{"timestamp": "2025-12-29T17:48:44.324505", "level": "INFO", "logger": "uvicorn.error", "module": "on", "line": 62, "message": "Application startup complete.", "extra": {}}
{"timestamp": "2025-12-29T17:52:58.072486", "level": "INFO", "logger": "watchfiles.main", "module": "main", "line": 308, "message": "7 changes detected", "extra": {}}
{"timestamp": "2025-12-29T17:52:58.073967", "level": "WARNING", "logger": "uvicorn.error", "module": "basereload", "line": 55, "message": "WatchFiles detected changes in 'api\\v1\\chat_routes.py'. Reloading...", "extra": {}}
{"timestamp": "2025-12-29T17:52:58.151929", "level": "INFO", "logger": "uvicorn.error", "module": "server", "line": 264, "message": "Shutting down", "extra": {}}
{"timestamp": "2025-12-29T17:52:58.263549", "level": "INFO", "logger": "uvicorn.error", "module": "on", "line": 67, "message": "Waiting for application shutdown.", "extra": {}}
{"timestamp": "2025-12-29T17:52:58.263761", "level": "INFO", "logger": "app", "module": "main", "line": 57, "message": "Application shutdown.", "extra": {}}
{"timestamp": "2025-12-29T17:52:58.263862", "level": "INFO", "logger": "app", "module": "main", "line": 57, "message": "Application shutdown.", "extra": {}}
{"timestamp": "2025-12-29T17:52:58.264443", "level": "INFO", "logger": "uvicorn.error", "module": "on", "line": 76, "message": "Application shutdown complete.", "extra": {}}
{"timestamp": "2025-12-29T17:52:58.264941", "level": "INFO", "logger": "uvicorn.error", "module": "server", "line": 94, "message": "Finished server process [7956]", "extra": {}}
{"timestamp": "2025-12-29T17:52:58.710297", "level": "INFO", "logger": "watchfiles.main", "module": "main", "line": 308, "message": "1 change detected", "extra": {}}
{"timestamp": "2025-12-29T17:52:59.272374", "level": "INFO", "logger": "watchfiles.main", "module": "main", "line": 308, "message": "5 changes detected", "extra": {}}
{"timestamp": "2025-12-29T17:52:59.452991", "level": "INFO", "logger": "uvicorn.error", "module": "server", "line": 84, "message": "Started server process [16524]", "extra": {}}
{"timestamp": "2025-12-29T17:52:59.453657", "level": "INFO", "logger": "uvicorn.error", "module": "on", "line": 48, "message": "Waiting for application startup.", "extra": {}}
{"timestamp": "2025-12-29T17:52:59.453938", "level": "INFO", "logger": "app", "module": "main", "line": 54, "message": "Application startup: creating DB tables (sync).", "extra": {}}
{"timestamp": "2025-12-29T17:52:59.454016", "level": "INFO", "logger": "app", "module": "main", "line": 54, "message": "Application startup: creating DB tables (sync).", "extra": {}}
{"timestamp": "2025-12-29T17:52:59.454825", "level": "INFO", "logger": "app", "module": "main", "line": 49, "message": "Database tables created (sync).", "extra": {}}
{"timestamp": "2025-12-29T17:52:59.454909", "level": "INFO", "logger": "app", "module": "main", "line": 49, "message": "Database tables created (sync).", "extra": {}}
{"timestamp": "2025-12-29T17:52:59.455401", "level": "INFO", "logger": "uvicorn.error", "module": "on", "line": 62, "message": "Application startup complete.", "extra": {}}
{"timestamp": "2025-12-29T17:53:20.479441", "level": "INFO", "logger": "watchfiles.main", "module": "main", "line": 308, "message": "7 changes detected", "extra": {}}
{"timestamp": "2025-12-29T17:53:20.481033", "level": "WARNING", "logger": "uvicorn.error", "module": "basereload", "line": 55, "message": "WatchFiles detected changes in 'api\\v1\\chat_routes.py'. Reloading...", "extra": {}}
{"timestamp": "2025-12-29T17:53:20.524767", "level": "INFO", "logger": "uvicorn.error", "module": "server", "line": 264, "message": "Shutting down", "extra": {}}
{"timestamp": "2025-12-29T17:53:20.636862", "level": "INFO", "logger": "uvicorn.error", "module": "on", "line": 67, "message": "Waiting for application shutdown.", "extra": {}}
{"timestamp": "2025-12-29T17:53:20.637112", "level": "INFO", "logger": "app", "module": "main", "line": 57, "message": "Application shutdown.", "extra": {}}
{"timestamp": "2025-12-29T17:53:20.637206", "level": "INFO", "logger": "app", "module": "main", "line": 57, "message": "Application shutdown.", "extra": {}}
{"timestamp": "2025-12-29T17:53:20.637715", "level": "INFO", "logger": "uvicorn.error", "module": "on", "line": 76, "message": "Application shutdown complete.", "extra": {}}
{"timestamp": "2025-12-29T17:53:20.638191", "level": "INFO", "logger": "uvicorn.error", "module": "server", "line": 94, "message": "Finished server process [16524]", "extra": {}}
{"timestamp": "2025-12-29T17:53:21.084800", "level": "INFO", "logger": "watchfiles.main", "module": "main", "line": 308, "message": "1 change detected", "extra": {}}
{"timestamp": "2025-12-29T17:53:21.649253", "level": "INFO", "logger": "watchfiles.main", "module": "main", "line": 308, "message": "5 changes detected", "extra": {}}
{"timestamp": "2025-12-29T17:53:21.799940", "level": "INFO", "logger": "uvicorn.error", "module": "server", "line": 84, "message": "Started server process [396]", "extra": {}}
{"timestamp": "2025-12-29T17:53:21.800681", "level": "INFO", "logger": "uvicorn.error", "module": "on", "line": 48, "message": "Waiting for application startup.", "extra": {}}
{"timestamp": "2025-12-29T17:53:21.800963", "level": "INFO", "logger": "app", "module": "main", "line": 54, "message": "Application startup: creating DB tables (sync).", "extra": {}}
{"timestamp": "2025-12-29T17:53:21.801055", "level": "INFO", "logger": "app", "module": "main", "line": 54, "message": "Application startup: creating DB tables (sync).", "extra": {}}
{"timestamp": "2025-12-29T17:53:21.801851", "level": "INFO", "logger": "app", "module": "main", "line": 49, "message": "Database tables created (sync).", "extra": {}}
{"timestamp": "2025-12-29T17:53:21.801934", "level": "INFO", "logger": "app", "module": "main", "line": 49, "message": "Database tables created (sync).", "extra": {}}
{"timestamp": "2025-12-29T17:53:21.802442", "level": "INFO", "logger": "uvicorn.error", "module": "on", "line": 62, "message": "Application startup complete.", "extra": {}}
{"timestamp": "2025-12-31T16:33:38.875185", "level": "INFO", "logger": "uvicorn.error", "module": "server", "line": 84, "message": "Started server process [23772]", "extra": {}}
{"timestamp": "2025-12-31T16:33:38.875770", "level": "INFO", "logger": "uvicorn.error", "module": "on", "line": 48, "message": "Waiting for application startup.", "extra": {}}
{"timestamp": "2025-12-31T16:33:38.876242", "level": "INFO", "logger": "app", "module": "main", "line": 54, "message": "Application startup: creating DB tables (sync).", "extra": {}}
{"timestamp": "2025-12-31T16:33:38.876328", "level": "INFO", "logger": "app", "module": "main", "line": 54, "message": "Application startup: creating DB tables (sync).", "extra": {}}
{"timestamp": "2025-12-31T16:33:38.890028", "level": "INFO", "logger": "app", "module": "main", "line": 49, "message": "Database tables created (sync).", "extra": {}}
{"timestamp": "2025-12-31T16:33:38.890142", "level": "INFO", "logger": "app", "module": "main", "line": 49, "message": "Database tables created (sync).", "extra": {}}
{"timestamp": "2025-12-31T16:33:38.890719", "level": "INFO", "logger": "uvicorn.error", "module": "on", "line": 62, "message": "Application startup complete.", "extra": {}}
{"timestamp": "2025-12-31T16:33:38.891839", "level": "INFO", "logger": "uvicorn.error", "module": "server", "line": 216, "message": "Uvicorn running on http://0.0.0.0:8000 (Press CTRL+C to quit)", "extra": {}}
{"timestamp": "2025-12-31T19:33:00.185967", "level": "INFO", "logger": "uvicorn.error", "module": "server", "line": 264, "message": "Shutting down", "extra": {}}
{"timestamp": "2025-12-31T19:33:00.302764", "level": "INFO", "logger": "uvicorn.error", "module": "on", "line": 67, "message": "Waiting for application shutdown.", "extra": {}}
{"timestamp": "2025-12-31T19:33:00.304018", "level": "INFO", "logger": "app", "module": "main", "line": 57, "message": "Application shutdown.", "extra": {}}
{"timestamp": "2025-12-31T19:33:00.304119", "level": "INFO", "logger": "app", "module": "main", "line": 57, "message": "Application shutdown.", "extra": {}}
{"timestamp": "2025-12-31T19:33:00.304933", "level": "INFO", "logger": "uvicorn.error", "module": "on", "line": 76, "message": "Application shutdown complete.", "extra": {}}
{"timestamp": "2025-12-31T19:33:00.305730", "level": "INFO", "logger": "uvicorn.error", "module": "server", "line": 94, "message": "Finished server process [23772]", "extra": {}}
